[2021-06-24 21:23:33 +0800] [51761] [INFO] Starting gunicorn 20.1.0
[2021-06-24 21:23:33 +0800] [51761] [INFO] Listening at: http://127.0.0.1:20020 (51761)
[2021-06-24 21:23:33 +0800] [51761] [INFO] Using worker: sync
[2021-06-24 21:23:33 +0800] [51762] [INFO] Booting worker with pid: 51762
[2021-06-24 21:23:33 +0800] [51763] [INFO] Booting worker with pid: 51763
[2021-06-24 21:23:33 +0800] [51764] [INFO] Booting worker with pid: 51764
[2021-06-24 21:23:33 +0800] [51765] [INFO] Booting worker with pid: 51765
[2021-06-24 21:24:37 +0800] [51761] [INFO] Handling signal: int
[2021-06-24 21:24:37 +0800] [51765] [INFO] Worker exiting (pid: 51765)
[2021-06-24 21:24:37 +0800] [51764] [INFO] Worker exiting (pid: 51764)
[2021-06-24 21:24:37 +0800] [51763] [INFO] Worker exiting (pid: 51763)
[2021-06-24 21:24:37 +0800] [51762] [INFO] Worker exiting (pid: 51762)
[2021-06-24 21:24:37 +0800] [51761] [INFO] Shutting down: Master
[2021-06-24 21:24:38 +0800] [51775] [INFO] Starting gunicorn 20.1.0
[2021-06-24 21:24:38 +0800] [51775] [INFO] Listening at: http://127.0.0.1:8000 (51775)
[2021-06-24 21:24:38 +0800] [51775] [INFO] Using worker: sync
[2021-06-24 21:24:38 +0800] [51776] [INFO] Booting worker with pid: 51776
[2021-06-24 21:24:38 +0800] [51777] [INFO] Booting worker with pid: 51777
[2021-06-24 21:24:38 +0800] [51778] [INFO] Booting worker with pid: 51778
[2021-06-24 21:24:38 +0800] [51779] [INFO] Booting worker with pid: 51779
[2021-06-24 21:28:20 +0800] [51775] [INFO] Handling signal: int
[2021-06-24 21:28:20 +0800] [51778] [INFO] Worker exiting (pid: 51778)
[2021-06-24 21:28:20 +0800] [51777] [INFO] Worker exiting (pid: 51777)
[2021-06-24 21:28:20 +0800] [51776] [INFO] Worker exiting (pid: 51776)
[2021-06-24 21:28:20 +0800] [51779] [INFO] Worker exiting (pid: 51779)
[2021-06-24 21:28:20 +0800] [51775] [INFO] Shutting down: Master
[2021-06-24 21:28:21 +0800] [51800] [INFO] Starting gunicorn 20.1.0
[2021-06-24 21:28:21 +0800] [51800] [INFO] Listening at: http://127.0.0.1:20020 (51800)
[2021-06-24 21:28:21 +0800] [51800] [INFO] Using worker: sync
[2021-06-24 21:28:21 +0800] [51801] [INFO] Booting worker with pid: 51801
[2021-06-24 21:28:21 +0800] [51801] [ERROR] Exception in worker process
Traceback (most recent call last):
  File "/Users/xsheep/.local/share/virtualenvs/Backend-MnCN-Bhu/lib/python3.9/site-packages/gunicorn/arbiter.py", line 589, in spawn_worker
    worker.init_process()
  File "/Users/xsheep/.local/share/virtualenvs/Backend-MnCN-Bhu/lib/python3.9/site-packages/gunicorn/workers/base.py", line 134, in init_process
    self.load_wsgi()
  File "/Users/xsheep/.local/share/virtualenvs/Backend-MnCN-Bhu/lib/python3.9/site-packages/gunicorn/workers/base.py", line 146, in load_wsgi
    self.wsgi = self.app.wsgi()
  File "/Users/xsheep/.local/share/virtualenvs/Backend-MnCN-Bhu/lib/python3.9/site-packages/gunicorn/app/base.py", line 67, in wsgi
    self.callable = self.load()
  File "/Users/xsheep/.local/share/virtualenvs/Backend-MnCN-Bhu/lib/python3.9/site-packages/gunicorn/app/wsgiapp.py", line 58, in load
    return self.load_wsgiapp()
  File "/Users/xsheep/.local/share/virtualenvs/Backend-MnCN-Bhu/lib/python3.9/site-packages/gunicorn/app/wsgiapp.py", line 48, in load_wsgiapp
    return util.import_app(self.app_uri)
  File "/Users/xsheep/.local/share/virtualenvs/Backend-MnCN-Bhu/lib/python3.9/site-packages/gunicorn/util.py", line 359, in import_app
    mod = importlib.import_module(module)
  File "/usr/local/Cellar/python@3.9/3.9.5/Frameworks/Python.framework/Versions/3.9/lib/python3.9/importlib/__init__.py", line 127, in import_module
    return _bootstrap._gcd_import(name[level:], package, level)
  File "<frozen importlib._bootstrap>", line 1030, in _gcd_import
  File "<frozen importlib._bootstrap>", line 1007, in _find_and_load
  File "<frozen importlib._bootstrap>", line 986, in _find_and_load_unlocked
  File "<frozen importlib._bootstrap>", line 680, in _load_unlocked
  File "<frozen importlib._bootstrap_external>", line 855, in exec_module
  File "<frozen importlib._bootstrap>", line 228, in _call_with_frames_removed
  File "/Users/xsheep/Documents/Development/Projects/SpeedCode/Backend/wsgi.py", line 1, in <module>
    import run
ModuleNotFoundError: No module named 'run'
[2021-06-24 21:28:21 +0800] [51801] [INFO] Worker exiting (pid: 51801)
[2021-06-24 21:28:21 +0800] [51800] [INFO] Shutting down: Master
[2021-06-24 21:28:21 +0800] [51800] [INFO] Reason: Worker failed to boot.
[2021-06-24 21:41:04 +0800] [51881] [INFO] Starting gunicorn 20.1.0
[2021-06-24 21:41:04 +0800] [51881] [INFO] Listening at: http://127.0.0.1:20020 (51881)
[2021-06-24 21:41:04 +0800] [51881] [INFO] Using worker: sync
[2021-06-24 21:41:04 +0800] [51882] [INFO] Booting worker with pid: 51882
[2021-06-24 21:41:04 +0800] [51883] [INFO] Booting worker with pid: 51883
[2021-06-24 21:41:04 +0800] [51884] [INFO] Booting worker with pid: 51884
[2021-06-24 21:41:04 +0800] [51885] [INFO] Booting worker with pid: 51885
[2021-06-24 22:02:28 +0800] [51881] [INFO] Handling signal: int
[2021-06-24 22:02:28 +0800] [51884] [INFO] Worker exiting (pid: 51884)
[2021-06-24 22:02:28 +0800] [51883] [INFO] Worker exiting (pid: 51883)
[2021-06-24 22:02:28 +0800] [51882] [INFO] Worker exiting (pid: 51882)
[2021-06-24 22:02:28 +0800] [51885] [INFO] Worker exiting (pid: 51885)
[2021-06-24 22:02:28 +0800] [51881] [INFO] Shutting down: Master
[2021-06-24 22:09:13 +0800] [52064] [INFO] Starting gunicorn 20.1.0
[2021-06-24 22:09:13 +0800] [52064] [INFO] Listening at: http://127.0.0.1:20020 (52064)
[2021-06-24 22:09:13 +0800] [52064] [INFO] Using worker: sync
[2021-06-24 22:09:13 +0800] [52065] [INFO] Booting worker with pid: 52065
[2021-06-24 22:09:13 +0800] [52066] [INFO] Booting worker with pid: 52066
[2021-06-24 22:09:14 +0800] [52067] [INFO] Booting worker with pid: 52067
[2021-06-24 22:09:14 +0800] [52068] [INFO] Booting worker with pid: 52068
